\BOOKMARK [1][-]{section.1}{Polynomial\040Rings\040and\040Ideals}{}% 1
\BOOKMARK [2][-]{subsection.1.1}{Preliminaries}{section.1}% 2
\BOOKMARK [1][-]{section.2}{Algebraic\040Geometry}{}% 3
\BOOKMARK [2][-]{subsection.2.1}{Introduction}{section.2}% 4
\BOOKMARK [2][-]{subsection.2.2}{Schemes}{section.2}% 5
\BOOKMARK [2][-]{subsection.2.3}{Monomial\040Ideals}{section.2}% 6
\BOOKMARK [2][-]{subsection.2.4}{Operations\040on\040Monomial\040Ideals}{section.2}% 7
\BOOKMARK [2][-]{subsection.2.5}{Grobner\040Bases}{section.2}% 8
\BOOKMARK [2][-]{subsection.2.6}{Division\040Algorithm}{section.2}% 9
\BOOKMARK [2][-]{subsection.2.7}{Buchberger's\040Algorithm\040for\040Finding\040a\040Grobner\040Basis}{section.2}% 10
\BOOKMARK [2][-]{subsection.2.8}{Reduced\040Grobner\040Bases}{section.2}% 11
\BOOKMARK [1][-]{section.3}{Geometry\040of\040Grobner\040Degeneration}{}% 12
\BOOKMARK [2][-]{subsection.3.1}{Integral\040Weight\040Order}{section.3}% 13
\BOOKMARK [2][-]{subsection.3.2}{Syzygies\040and\040Betti\040Numbers}{section.3}% 14
\BOOKMARK [2][-]{subsection.3.3}{Abstract\040Simplicial\040Complexes}{section.3}% 15
\BOOKMARK [2][-]{subsection.3.4}{Regularity}{section.3}% 16
\BOOKMARK [2][-]{subsection.3.5}{Skew-symmetric\040Matries\040with\040Northwest\040Rank\040Conditions}{section.3}% 17
\BOOKMARK [2][-]{subsection.3.6}{Edge\040Ideal\040of\040a\040Graph}{section.3}% 18
\BOOKMARK [1][-]{section.4}{Application\040of\040Grobner\040Basis}{}% 19
\BOOKMARK [2][-]{subsection.4.1}{Sudoku}{section.4}% 20
